Traceback (most recent call last):
  File "/opt/hostedtoolcache/Python/3.8.16/x64/lib/python3.8/site-packages/jupyter_cache/executors/utils.py", line 58, in single_nb_execution
    executenb(
  File "/opt/hostedtoolcache/Python/3.8.16/x64/lib/python3.8/site-packages/nbclient/client.py", line 1204, in execute
    return NotebookClient(nb=nb, resources=resources, km=km, **kwargs).execute()
  File "/opt/hostedtoolcache/Python/3.8.16/x64/lib/python3.8/site-packages/nbclient/util.py", line 84, in wrapped
    return just_run(coro(*args, **kwargs))
  File "/opt/hostedtoolcache/Python/3.8.16/x64/lib/python3.8/site-packages/nbclient/util.py", line 62, in just_run
    return loop.run_until_complete(coro)
  File "/opt/hostedtoolcache/Python/3.8.16/x64/lib/python3.8/asyncio/base_events.py", line 616, in run_until_complete
    return future.result()
  File "/opt/hostedtoolcache/Python/3.8.16/x64/lib/python3.8/site-packages/nbclient/client.py", line 663, in async_execute
    await self.async_execute_cell(
  File "/opt/hostedtoolcache/Python/3.8.16/x64/lib/python3.8/site-packages/nbclient/client.py", line 965, in async_execute_cell
    await self._check_raise_for_error(cell, cell_index, exec_reply)
  File "/opt/hostedtoolcache/Python/3.8.16/x64/lib/python3.8/site-packages/nbclient/client.py", line 862, in _check_raise_for_error
    raise CellExecutionError.from_cell_and_msg(cell, exec_reply_content)
nbclient.exceptions.CellExecutionError: An error occurred while executing the following cell:
------------------
import ipywidgets as widgets

button = widgets.Button(
    description='Click me',
    disabled=False,
    button_style='', # 'success', 'info', 'warning', 'danger' or ''
    tooltip='Click me',
    icon='check' # (FontAwesome names without the `fa-` prefix)
)

def displ(e):
    print(e)

button.on_click(displ)

slider = widgets.IntSlider(
    value=7,
    min=0,
    max=10,
    step=1,
    description='Test:',
    disabled=False,
    continuous_update=False,
    orientation='horizontal',
    readout=True,
    readout_format='d'
)
------------------

[0;31m---------------------------------------------------------------------------[0m
[0;31mModuleNotFoundError[0m                       Traceback (most recent call last)
Cell [0;32mIn[1], line 1[0m
[0;32m----> 1[0m [38;5;28;01mimport[39;00m [38;5;21;01mipywidgets[39;00m [38;5;28;01mas[39;00m [38;5;21;01mwidgets[39;00m
[1;32m      3[0m button [38;5;241m=[39m widgets[38;5;241m.[39mButton(
[1;32m      4[0m     description[38;5;241m=[39m[38;5;124m'[39m[38;5;124mClick me[39m[38;5;124m'[39m,
[1;32m      5[0m     disabled[38;5;241m=[39m[38;5;28;01mFalse[39;00m,
[0;32m   (...)[0m
[1;32m      8[0m     icon[38;5;241m=[39m[38;5;124m'[39m[38;5;124mcheck[39m[38;5;124m'[39m [38;5;66;03m# (FontAwesome names without the `fa-` prefix)[39;00m
[1;32m      9[0m )
[1;32m     11[0m [38;5;28;01mdef[39;00m [38;5;21mdispl[39m(e):

[0;31mModuleNotFoundError[0m: No module named 'ipywidgets'
ModuleNotFoundError: No module named 'ipywidgets'

