Traceback (most recent call last):
  File "/opt/hostedtoolcache/Python/3.8.15/x64/lib/python3.8/site-packages/jupyter_cache/executors/utils.py", line 51, in single_nb_execution
    executenb(
  File "/opt/hostedtoolcache/Python/3.8.15/x64/lib/python3.8/site-packages/nbclient/client.py", line 1204, in execute
    return NotebookClient(nb=nb, resources=resources, km=km, **kwargs).execute()
  File "/opt/hostedtoolcache/Python/3.8.15/x64/lib/python3.8/site-packages/nbclient/util.py", line 84, in wrapped
    return just_run(coro(*args, **kwargs))
  File "/opt/hostedtoolcache/Python/3.8.15/x64/lib/python3.8/site-packages/nbclient/util.py", line 62, in just_run
    return loop.run_until_complete(coro)
  File "/opt/hostedtoolcache/Python/3.8.15/x64/lib/python3.8/asyncio/base_events.py", line 616, in run_until_complete
    return future.result()
  File "/opt/hostedtoolcache/Python/3.8.15/x64/lib/python3.8/site-packages/nbclient/client.py", line 663, in async_execute
    await self.async_execute_cell(
  File "/opt/hostedtoolcache/Python/3.8.15/x64/lib/python3.8/site-packages/nbclient/client.py", line 965, in async_execute_cell
    await self._check_raise_for_error(cell, cell_index, exec_reply)
  File "/opt/hostedtoolcache/Python/3.8.15/x64/lib/python3.8/site-packages/nbclient/client.py", line 862, in _check_raise_for_error
    raise CellExecutionError.from_cell_and_msg(cell, exec_reply_content)
nbclient.exceptions.CellExecutionError: An error occurred while executing the following cell:
------------------
from util import bernoulli

def geom_rv(p):
    """Simulate the extraction of a value from the geometric distribution

    :param p: parameter of the geometric distribution
    :type p: float
    :raises ValueError: if p is not in the interval (0, 1] 
    :return: simulated value of the distribution
    :rtype: int
    """
    if p <= 0 or p > 1:
        raise ValueError(f"{p} is not a valid parameter" \
                         " for the geometric distribution.")
    i = 0
    while bernoulli(p) == 0:
        i +=1

    assert i >= 0 and type(i) == int

    return i + 1

[geom_rv(.3) for _ in range(10)]
------------------

[0;31m---------------------------------------------------------------------------[0m
[0;31mModuleNotFoundError[0m                       Traceback (most recent call last)
Cell [0;32mIn[1], line 1[0m
[0;32m----> 1[0m [38;5;28;01mfrom[39;00m [38;5;21;01mutil[39;00m [38;5;28;01mimport[39;00m bernoulli
[1;32m      3[0m [38;5;28;01mdef[39;00m [38;5;21mgeom_rv[39m(p):
[1;32m      4[0m [38;5;250m    [39m[38;5;124;03m"""Simulate the extraction of a value from the geometric distribution[39;00m
[1;32m      5[0m 
[1;32m      6[0m [38;5;124;03m    :param p: parameter of the geometric distribution[39;00m
[0;32m   (...)[0m
[1;32m     10[0m [38;5;124;03m    :rtype: int[39;00m
[1;32m     11[0m [38;5;124;03m    """[39;00m

[0;31mModuleNotFoundError[0m: No module named 'util'
ModuleNotFoundError: No module named 'util'

