Traceback (most recent call last):
  File "/opt/hostedtoolcache/Python/3.8.13/x64/lib/python3.8/site-packages/jupyter_cache/executors/utils.py", line 51, in single_nb_execution
    executenb(
  File "/opt/hostedtoolcache/Python/3.8.13/x64/lib/python3.8/site-packages/nbclient/client.py", line 1204, in execute
    return NotebookClient(nb=nb, resources=resources, km=km, **kwargs).execute()
  File "/opt/hostedtoolcache/Python/3.8.13/x64/lib/python3.8/site-packages/nbclient/util.py", line 84, in wrapped
    return just_run(coro(*args, **kwargs))
  File "/opt/hostedtoolcache/Python/3.8.13/x64/lib/python3.8/site-packages/nbclient/util.py", line 62, in just_run
    return loop.run_until_complete(coro)
  File "/opt/hostedtoolcache/Python/3.8.13/x64/lib/python3.8/asyncio/base_events.py", line 616, in run_until_complete
    return future.result()
  File "/opt/hostedtoolcache/Python/3.8.13/x64/lib/python3.8/site-packages/nbclient/client.py", line 663, in async_execute
    await self.async_execute_cell(
  File "/opt/hostedtoolcache/Python/3.8.13/x64/lib/python3.8/site-packages/nbclient/client.py", line 965, in async_execute_cell
    await self._check_raise_for_error(cell, cell_index, exec_reply)
  File "/opt/hostedtoolcache/Python/3.8.13/x64/lib/python3.8/site-packages/nbclient/client.py", line 862, in _check_raise_for_error
    raise CellExecutionError.from_cell_and_msg(cell, exec_reply_content)
nbclient.exceptions.CellExecutionError: An error occurred while executing the following cell:
------------------
import graphviz
import numpy as np

cap_colors = ['pink', 'green', 'red', 'brown']
costume_colors = ['black', 'blue', 'yellow']

tree = '''digraph { layout="neato" bgcolor="#00000000"
                    s[pos="0,0!" label="?"] \n'''

cap_rho = 1.3
cap_theta = np.linspace(0, np.pi, len(cap_colors))
cap_pos = np.array((cap_rho * np.cos(cap_theta),
                    cap_rho * np.sin(cap_theta))).T

costume_rho = 1
theta_diff = np.pi/2 /(len(costume_colors)+1)
theta_start = 0
theta_end = 2 * np.pi/6
theta_gap = (len(costume_colors) + 1) / len(costume_colors) * np.pi/6

for cap_color, (x, y) in zip(cap_colors, cap_pos):
    tree += f'cap_{cap_color}[pos="{x:.2f},{y:.2f}!" ' + \
            f'image="./img/{cap_color}-cap.png" label="", ' + \
            f'style="invisible" ' +\
            f'width=.6 height=.6 fixedsize="true"]\n'
    tree += f's -> cap_{cap_color};'



    costume_theta = np.linspace(theta_start, theta_end, len(costume_colors))
    costume_pos = np.array((costume_rho * np.cos(costume_theta),
                            costume_rho * np.sin(costume_theta))).T
    theta_start += theta_gap
    theta_end += theta_gap

    for costume_color, (x_delta, y_delta) in zip(costume_colors, costume_pos):
        tree += f'cap_{cap_color}_costume_{costume_color}' +\
                f'[pos="{x+x_delta:.2f},{y+y_delta:.2f}!" ' +\
                f'image="./img/sh-{costume_color}-{cap_color}.png" ' + \
                f'label="", ' + \
                f'style="invisible" width=.6 height=.6 fixedsize="true"]\n'
        tree += f'cap_{cap_color} -> cap_{cap_color}_costume_{costume_color};'


tree += '}'


graph = graphviz.Source(tree, format="png")
graph.render('tree')
------------------

[0;31m---------------------------------------------------------------------------[0m
[0;31mFileNotFoundError[0m                         Traceback (most recent call last)
File [0;32m/opt/hostedtoolcache/Python/3.8.13/x64/lib/python3.8/site-packages/graphviz/backend/execute.py:81[0m, in [0;36mrun_check[0;34m(cmd, input_lines, encoding, quiet, **kwargs)[0m
[1;32m     80[0m     [38;5;28;01melse[39;00m:
[0;32m---> 81[0m         proc [38;5;241m=[39m [43msubprocess[49m[38;5;241;43m.[39;49m[43mrun[49m[43m([49m[43mcmd[49m[43m,[49m[43m [49m[38;5;241;43m*[39;49m[38;5;241;43m*[39;49m[43mkwargs[49m[43m)[49m
[1;32m     82[0m [38;5;28;01mexcept[39;00m [38;5;167;01mOSError[39;00m [38;5;28;01mas[39;00m e:

File [0;32m/opt/hostedtoolcache/Python/3.8.13/x64/lib/python3.8/subprocess.py:493[0m, in [0;36mrun[0;34m(input, capture_output, timeout, check, *popenargs, **kwargs)[0m
[1;32m    491[0m     kwargs[[38;5;124m'[39m[38;5;124mstderr[39m[38;5;124m'[39m] [38;5;241m=[39m PIPE
[0;32m--> 493[0m [38;5;28;01mwith[39;00m [43mPopen[49m[43m([49m[38;5;241;43m*[39;49m[43mpopenargs[49m[43m,[49m[43m [49m[38;5;241;43m*[39;49m[38;5;241;43m*[39;49m[43mkwargs[49m[43m)[49m [38;5;28;01mas[39;00m process:
[1;32m    494[0m     [38;5;28;01mtry[39;00m:

File [0;32m/opt/hostedtoolcache/Python/3.8.13/x64/lib/python3.8/subprocess.py:858[0m, in [0;36mPopen.__init__[0;34m(self, args, bufsize, executable, stdin, stdout, stderr, preexec_fn, close_fds, shell, cwd, env, universal_newlines, startupinfo, creationflags, restore_signals, start_new_session, pass_fds, encoding, errors, text)[0m
[1;32m    855[0m             [38;5;28mself[39m[38;5;241m.[39mstderr [38;5;241m=[39m io[38;5;241m.[39mTextIOWrapper([38;5;28mself[39m[38;5;241m.[39mstderr,
[1;32m    856[0m                     encoding[38;5;241m=[39mencoding, errors[38;5;241m=[39merrors)
[0;32m--> 858[0m     [38;5;28;43mself[39;49m[38;5;241;43m.[39;49m[43m_execute_child[49m[43m([49m[43margs[49m[43m,[49m[43m [49m[43mexecutable[49m[43m,[49m[43m [49m[43mpreexec_fn[49m[43m,[49m[43m [49m[43mclose_fds[49m[43m,[49m
[1;32m    859[0m [43m                        [49m[43mpass_fds[49m[43m,[49m[43m [49m[43mcwd[49m[43m,[49m[43m [49m[43menv[49m[43m,[49m
[1;32m    860[0m [43m                        [49m[43mstartupinfo[49m[43m,[49m[43m [49m[43mcreationflags[49m[43m,[49m[43m [49m[43mshell[49m[43m,[49m
[1;32m    861[0m [43m                        [49m[43mp2cread[49m[43m,[49m[43m [49m[43mp2cwrite[49m[43m,[49m
[1;32m    862[0m [43m                        [49m[43mc2pread[49m[43m,[49m[43m [49m[43mc2pwrite[49m[43m,[49m
[1;32m    863[0m [43m                        [49m[43merrread[49m[43m,[49m[43m [49m[43merrwrite[49m[43m,[49m
[1;32m    864[0m [43m                        [49m[43mrestore_signals[49m[43m,[49m[43m [49m[43mstart_new_session[49m[43m)[49m
[1;32m    865[0m [38;5;28;01mexcept[39;00m:
[1;32m    866[0m     [38;5;66;03m# Cleanup if the child failed starting.[39;00m

File [0;32m/opt/hostedtoolcache/Python/3.8.13/x64/lib/python3.8/subprocess.py:1704[0m, in [0;36mPopen._execute_child[0;34m(self, args, executable, preexec_fn, close_fds, pass_fds, cwd, env, startupinfo, creationflags, shell, p2cread, p2cwrite, c2pread, c2pwrite, errread, errwrite, restore_signals, start_new_session)[0m
[1;32m   1703[0m         err_msg [38;5;241m=[39m os[38;5;241m.[39mstrerror(errno_num)
[0;32m-> 1704[0m     [38;5;28;01mraise[39;00m child_exception_type(errno_num, err_msg, err_filename)
[1;32m   1705[0m [38;5;28;01mraise[39;00m child_exception_type(err_msg)

[0;31mFileNotFoundError[0m: [Errno 2] No such file or directory: PosixPath('dot')

The above exception was the direct cause of the following exception:

[0;31mExecutableNotFound[0m                        Traceback (most recent call last)
Input [0;32mIn [2][0m, in [0;36m<cell line: 49>[0;34m()[0m
[1;32m     45[0m tree [38;5;241m+[39m[38;5;241m=[39m [38;5;124m'[39m[38;5;124m}[39m[38;5;124m'[39m
[1;32m     48[0m graph [38;5;241m=[39m graphviz[38;5;241m.[39mSource(tree, [38;5;28mformat[39m[38;5;241m=[39m[38;5;124m"[39m[38;5;124mpng[39m[38;5;124m"[39m)
[0;32m---> 49[0m [43mgraph[49m[38;5;241;43m.[39;49m[43mrender[49m[43m([49m[38;5;124;43m'[39;49m[38;5;124;43mtree[39;49m[38;5;124;43m'[39;49m[43m)[49m

File [0;32m/opt/hostedtoolcache/Python/3.8.13/x64/lib/python3.8/site-packages/graphviz/_tools.py:171[0m, in [0;36mdeprecate_positional_args.<locals>.decorator.<locals>.wrapper[0;34m(*args, **kwargs)[0m
[1;32m    162[0m     wanted [38;5;241m=[39m [38;5;124m'[39m[38;5;124m, [39m[38;5;124m'[39m[38;5;241m.[39mjoin([38;5;124mf[39m[38;5;124m'[39m[38;5;132;01m{[39;00mname[38;5;132;01m}[39;00m[38;5;124m=[39m[38;5;132;01m{[39;00mvalue[38;5;132;01m!r}[39;00m[38;5;124m'[39m
[1;32m    163[0m                        [38;5;28;01mfor[39;00m name, value [38;5;129;01min[39;00m deprecated[38;5;241m.[39mitems())
[1;32m    164[0m     warnings[38;5;241m.[39mwarn([38;5;124mf[39m[38;5;124m'[39m[38;5;124mThe signature of [39m[38;5;132;01m{[39;00mfunc[38;5;241m.[39m[38;5;18m__name__[39m[38;5;132;01m}[39;00m[38;5;124m will be reduced[39m[38;5;124m'[39m
[1;32m    165[0m                   [38;5;124mf[39m[38;5;124m'[39m[38;5;124m to [39m[38;5;132;01m{[39;00msupported_number[38;5;132;01m}[39;00m[38;5;124m positional args[39m[38;5;124m'[39m
[1;32m    166[0m                   [38;5;124mf[39m[38;5;124m'[39m[38;5;124m [39m[38;5;132;01m{[39;00m[38;5;28mlist[39m(supported)[38;5;132;01m}[39;00m[38;5;124m: pass [39m[38;5;132;01m{[39;00mwanted[38;5;132;01m}[39;00m[38;5;124m'[39m
[1;32m    167[0m                   [38;5;124m'[39m[38;5;124m as keyword arg(s)[39m[38;5;124m'[39m,
[1;32m    168[0m                   stacklevel[38;5;241m=[39mstacklevel,
[1;32m    169[0m                   category[38;5;241m=[39mcategory)
[0;32m--> 171[0m [38;5;28;01mreturn[39;00m [43mfunc[49m[43m([49m[38;5;241;43m*[39;49m[43margs[49m[43m,[49m[43m [49m[38;5;241;43m*[39;49m[38;5;241;43m*[39;49m[43mkwargs[49m[43m)[49m

File [0;32m/opt/hostedtoolcache/Python/3.8.13/x64/lib/python3.8/site-packages/graphviz/rendering.py:122[0m, in [0;36mRender.render[0;34m(self, filename, directory, view, cleanup, format, renderer, formatter, neato_no_op, quiet, quiet_view, outfile, engine, raise_if_result_exists, overwrite_source)[0m
[1;32m    118[0m filepath [38;5;241m=[39m [38;5;28mself[39m[38;5;241m.[39msave(filename, directory[38;5;241m=[39mdirectory, skip_existing[38;5;241m=[39m[38;5;28;01mNone[39;00m)
[1;32m    120[0m args[38;5;241m.[39mappend(filepath)
[0;32m--> 122[0m rendered [38;5;241m=[39m [38;5;28;43mself[39;49m[38;5;241;43m.[39;49m[43m_render[49m[43m([49m[38;5;241;43m*[39;49m[43margs[49m[43m,[49m[43m [49m[38;5;241;43m*[39;49m[38;5;241;43m*[39;49m[43mkwargs[49m[43m)[49m
[1;32m    124[0m [38;5;28;01mif[39;00m cleanup:
[1;32m    125[0m     log[38;5;241m.[39mdebug([38;5;124m'[39m[38;5;124mdelete [39m[38;5;132;01m%r[39;00m[38;5;124m'[39m, filepath)

File [0;32m/opt/hostedtoolcache/Python/3.8.13/x64/lib/python3.8/site-packages/graphviz/_tools.py:171[0m, in [0;36mdeprecate_positional_args.<locals>.decorator.<locals>.wrapper[0;34m(*args, **kwargs)[0m
[1;32m    162[0m     wanted [38;5;241m=[39m [38;5;124m'[39m[38;5;124m, [39m[38;5;124m'[39m[38;5;241m.[39mjoin([38;5;124mf[39m[38;5;124m'[39m[38;5;132;01m{[39;00mname[38;5;132;01m}[39;00m[38;5;124m=[39m[38;5;132;01m{[39;00mvalue[38;5;132;01m!r}[39;00m[38;5;124m'[39m
[1;32m    163[0m                        [38;5;28;01mfor[39;00m name, value [38;5;129;01min[39;00m deprecated[38;5;241m.[39mitems())
[1;32m    164[0m     warnings[38;5;241m.[39mwarn([38;5;124mf[39m[38;5;124m'[39m[38;5;124mThe signature of [39m[38;5;132;01m{[39;00mfunc[38;5;241m.[39m[38;5;18m__name__[39m[38;5;132;01m}[39;00m[38;5;124m will be reduced[39m[38;5;124m'[39m
[1;32m    165[0m                   [38;5;124mf[39m[38;5;124m'[39m[38;5;124m to [39m[38;5;132;01m{[39;00msupported_number[38;5;132;01m}[39;00m[38;5;124m positional args[39m[38;5;124m'[39m
[1;32m    166[0m                   [38;5;124mf[39m[38;5;124m'[39m[38;5;124m [39m[38;5;132;01m{[39;00m[38;5;28mlist[39m(supported)[38;5;132;01m}[39;00m[38;5;124m: pass [39m[38;5;132;01m{[39;00mwanted[38;5;132;01m}[39;00m[38;5;124m'[39m
[1;32m    167[0m                   [38;5;124m'[39m[38;5;124m as keyword arg(s)[39m[38;5;124m'[39m,
[1;32m    168[0m                   stacklevel[38;5;241m=[39mstacklevel,
[1;32m    169[0m                   category[38;5;241m=[39mcategory)
[0;32m--> 171[0m [38;5;28;01mreturn[39;00m [43mfunc[49m[43m([49m[38;5;241;43m*[39;49m[43margs[49m[43m,[49m[43m [49m[38;5;241;43m*[39;49m[38;5;241;43m*[39;49m[43mkwargs[49m[43m)[49m

File [0;32m/opt/hostedtoolcache/Python/3.8.13/x64/lib/python3.8/site-packages/graphviz/backend/rendering.py:324[0m, in [0;36mrender[0;34m(engine, format, filepath, renderer, formatter, neato_no_op, quiet, outfile, raise_if_result_exists, overwrite_filepath)[0m
[1;32m    320[0m     [38;5;28;01mraise[39;00m exceptions[38;5;241m.[39mFileExistsError([38;5;124mf[39m[38;5;124m'[39m[38;5;124moutput file exists: [39m[38;5;132;01m{[39;00mos[38;5;241m.[39mfspath(outfile)[38;5;132;01m!r}[39;00m[38;5;124m'[39m)
[1;32m    322[0m cmd [38;5;241m+[39m[38;5;241m=[39m args
[0;32m--> 324[0m [43mexecute[49m[38;5;241;43m.[39;49m[43mrun_check[49m[43m([49m[43mcmd[49m[43m,[49m
[1;32m    325[0m [43m                  [49m[43mcwd[49m[38;5;241;43m=[39;49m[43mfilepath[49m[38;5;241;43m.[39;49m[43mparent[49m[43m [49m[38;5;28;43;01mif[39;49;00m[43m [49m[43mfilepath[49m[38;5;241;43m.[39;49m[43mparent[49m[38;5;241;43m.[39;49m[43mparts[49m[43m [49m[38;5;28;43;01melse[39;49;00m[43m [49m[38;5;28;43;01mNone[39;49;00m[43m,[49m
[1;32m    326[0m [43m                  [49m[43mquiet[49m[38;5;241;43m=[39;49m[43mquiet[49m[43m,[49m
[1;32m    327[0m [43m                  [49m[43mcapture_output[49m[38;5;241;43m=[39;49m[38;5;28;43;01mTrue[39;49;00m[43m)[49m
[1;32m    329[0m [38;5;28;01mreturn[39;00m os[38;5;241m.[39mfspath(outfile)

File [0;32m/opt/hostedtoolcache/Python/3.8.13/x64/lib/python3.8/site-packages/graphviz/backend/execute.py:84[0m, in [0;36mrun_check[0;34m(cmd, input_lines, encoding, quiet, **kwargs)[0m
[1;32m     82[0m [38;5;28;01mexcept[39;00m [38;5;167;01mOSError[39;00m [38;5;28;01mas[39;00m e:
[1;32m     83[0m     [38;5;28;01mif[39;00m e[38;5;241m.[39merrno [38;5;241m==[39m errno[38;5;241m.[39mENOENT:
[0;32m---> 84[0m         [38;5;28;01mraise[39;00m ExecutableNotFound(cmd) [38;5;28;01mfrom[39;00m [38;5;21;01me[39;00m
[1;32m     85[0m     [38;5;28;01mraise[39;00m
[1;32m     87[0m [38;5;28;01mif[39;00m [38;5;129;01mnot[39;00m quiet [38;5;129;01mand[39;00m proc[38;5;241m.[39mstderr:

[0;31mExecutableNotFound[0m: failed to execute PosixPath('dot'), make sure the Graphviz executables are on your systems' PATH
ExecutableNotFound: failed to execute PosixPath('dot'), make sure the Graphviz executables are on your systems' PATH

